<?xml version="1.0" encoding="UTF-8"?>
<testsuite xmlns:xsi="http://www.w3.org/2001/XMLSchema-instance" xsi:noNamespaceSchemaLocation="https://maven.apache.org/surefire/maven-surefire-plugin/xsd/surefire-test-report.xsd" name="com.valtech.training.first_maven_project.AppTest" time="0.02" tests="1" errors="0" skipped="0" failures="0">
  <properties>
    <property name="java.specification.version" value="17"/>
    <property name="sun.cpu.isalist" value="amd64"/>
    <property name="sun.jnu.encoding" value="Cp1252"/>
    <property name="java.class.path" value="C:\Users\Vijaylakshmi.Kalasa\valtech2023new\first-maven-project\target\test-classes;C:\Users\Vijaylakshmi.Kalasa\valtech2023new\first-maven-project\target\classes;C:\Users\Vijaylakshmi.Kalasa\.m2\repository\junit\junit\3.8.1\junit-3.8.1.jar;"/>
    <property name="java.vm.vendor" value="Eclipse Adoptium"/>
    <property name="sun.arch.data.model" value="64"/>
    <property name="user.variant" value=""/>
    <property name="java.vendor.url" value="https://adoptium.net/"/>
    <property name="user.timezone" value="Asia/Calcutta"/>
    <property name="os.name" value="Windows 10"/>
    <property name="java.vm.specification.version" value="17"/>
    <property name="sun.java.launcher" value="SUN_STANDARD"/>
    <property name="user.country" value="IN"/>
    <property name="sun.boot.library.path" value="C:\Users\Vijaylakshmi.Kalasa\Downloads\eclipse-jee-2023-09-R-win32-x86_64\eclipse\plugins\org.eclipse.justj.openjdk.hotspot.jre.full.win32.x86_64_17.0.8.v20230831-1047\jre\bin"/>
    <property name="sun.java.command" value="C:\Users\VIJAYL~1.KAL\AppData\Local\Temp\surefire7661564045755025419\surefirebooter2145082397175749992.jar C:\Users\Vijaylakshmi.Kalasa\AppData\Local\Temp\surefire7661564045755025419 2023-10-26T14-30-08_372-jvmRun1 surefire2058326106734602577tmp surefire_02407083634766587979tmp"/>
    <property name="jdk.debug" value="release"/>
    <property name="surefire.test.class.path" value="C:\Users\Vijaylakshmi.Kalasa\valtech2023new\first-maven-project\target\test-classes;C:\Users\Vijaylakshmi.Kalasa\valtech2023new\first-maven-project\target\classes;C:\Users\Vijaylakshmi.Kalasa\.m2\repository\junit\junit\3.8.1\junit-3.8.1.jar;"/>
    <property name="sun.cpu.endian" value="little"/>
    <property name="user.home" value="C:\Users\Vijaylakshmi.Kalasa"/>
    <property name="user.language" value="en"/>
    <property name="java.specification.vendor" value="Oracle Corporation"/>
    <property name="java.version.date" value="2023-08-24"/>
    <property name="java.home" value="C:\Users\Vijaylakshmi.Kalasa\Downloads\eclipse-jee-2023-09-R-win32-x86_64\eclipse\plugins\org.eclipse.justj.openjdk.hotspot.jre.full.win32.x86_64_17.0.8.v20230831-1047\jre"/>
    <property name="file.separator" value="\"/>
    <property name="basedir" value="C:\Users\Vijaylakshmi.Kalasa\valtech2023new\first-maven-project"/>
    <property name="java.vm.compressedOopsMode" value="Zero based"/>
    <property name="line.separator" value="&#10;"/>
    <property name="java.vm.specification.vendor" value="Oracle Corporation"/>
    <property name="java.specification.name" value="Java Platform API Specification"/>
    <property name="surefire.real.class.path" value="C:\Users\VIJAYL~1.KAL\AppData\Local\Temp\surefire7661564045755025419\surefirebooter2145082397175749992.jar"/>
    <property name="user.script" value=""/>
    <property name="sun.management.compiler" value="HotSpot 64-Bit Tiered Compilers"/>
    <property name="java.runtime.version" value="17.0.8.1+1"/>
    <property name="user.name" value="Vijaylakshmi.Kalasa"/>
    <property name="path.separator" value=";"/>
    <property name="os.version" value="10.0"/>
    <property name="java.runtime.name" value="OpenJDK Runtime Environment"/>
    <property name="file.encoding" value="Cp1252"/>
    <property name="java.vm.name" value="OpenJDK 64-Bit Server VM"/>
    <property name="java.vendor.version" value="Temurin-17.0.8.1+1"/>
    <property name="localRepository" value="C:\Users\Vijaylakshmi.Kalasa\.m2\repository"/>
    <property name="java.vendor.url.bug" value="https://github.com/adoptium/adoptium-support/issues"/>
    <property name="java.io.tmpdir" value="C:\Users\VIJAYL~1.KAL\AppData\Local\Temp\"/>
    <property name="java.version" value="17.0.8.1"/>
    <property name="user.dir" value="C:\Users\Vijaylakshmi.Kalasa\valtech2023new\first-maven-project"/>
    <property name="os.arch" value="amd64"/>
    <property name="java.vm.specification.name" value="Java Virtual Machine Specification"/>
    <property name="sun.os.patch.level" value=""/>
    <property name="native.encoding" value="Cp1252"/>
    <property name="java.library.path" value="C:\Users\Vijaylakshmi.Kalasa\Downloads\eclipse-jee-2023-09-R-win32-x86_64\eclipse\plugins\org.eclipse.justj.openjdk.hotspot.jre.full.win32.x86_64_17.0.8.v20230831-1047\jre\bin;C:\Windows\Sun\Java\bin;C:\Windows\system32;C:\Windows;C:\Windows\System32\Drivers\DriverData;C:\Program Files\Notepad++;C:\Program Files (x86)\Intel\Intel(R) Management Engine Components\DAL;C:\Program Files\Intel\Intel(R) Management Engine Components\DAL;C:\Program Files\Git\bin;C:\Users\Vijaylakshmi.Kalasa\Downloads\apache-maven-3.9.5-bin\apache-maven-3.9.5\bin;C:\Users\Vijaylakshmi.Kalasa\AppData\Local\Microsoft\WindowsApps;C:\Users\Vijaylakshmi.Kalasa\AppData\Local\GitHubDesktop\bin;C:\Users\Vijaylakshmi.Kalasa\AppData\Local\Programs\mongosh\;C:\Users\Vijaylakshmi.Kalasa\AppData\Roaming\npm;."/>
    <property name="java.vm.info" value="mixed mode"/>
    <property name="java.vendor" value="Eclipse Adoptium"/>
    <property name="java.vm.version" value="17.0.8.1+1"/>
    <property name="sun.io.unicode.encoding" value="UnicodeLittle"/>
    <property name="java.class.version" value="61.0"/>
  </properties>
  <testcase name="testApp" classname="com.valtech.training.first_maven_project.AppTest" time="0.003"/>
</testsuite>